<?xml version="1.0" encoding="UTF-8"?>
<!-- Generated by org.testng.reporters.JUnitReportReporter -->
<testsuite hostname="VICTUS-choo" failures="0" tests="1" name="com.hrms.TestScripts.TC002_AddnewEmp" time="42.415" errors="0" timestamp="22 May 2024 15:32:38 GMT">
  <testcase classname="com.hrms.TestScripts.TC002_AddnewEmp" name="tc002" time="42.415"/>
</testsuite> <!-- com.hrms.TestScripts.TC002_AddnewEmp -->
